<testsuites id="" name="" tests="12" failures="10" skipped="0" errors="0" time="155.98872100000082">
<testsuite name="mobile\mobile.spec.js" timestamp="2025-09-15T12:07:14.116Z" hostname="chromium" tests="6" failures="5" skipped="0" time="61.262" errors="0">
<testcase name="Mobile Tests › should display mobile-friendly login page" classname="mobile\mobile.spec.js" time="14.839">
<failure message="mobile.spec.js:12:3 should display mobile-friendly login page" type="FAILURE">
<![CDATA[  [chromium] › mobile\mobile.spec.js:12:3 › Mobile Tests › should display mobile-friendly login page 

    Error: expect(received).toBeLessThanOrEqual(expected)

    Expected: <= 768
    Received:    1280

      16 |     // Verify mobile viewport
      17 |     const viewport = page.viewportSize();
    > 18 |     expect(viewport.width).toBeLessThanOrEqual(768);
         |                            ^
      19 |
      20 |     // Check if login elements are visible and accessible
      21 |     await expect(loginPage.usernameInput).toBeVisible();
        at D:\AUTOMATION TOOLS PRACTICE\PLAYWRIGHT\PlaywrightPractice01\tests\mobile\mobile.spec.js:18:28

    attachment #1: screenshot (image/png) ──────────────────────────────────────────────────────────
    ..\screenshots\mobile-mobile-Mobile-Tests-25583--mobile-friendly-login-page-chromium\test-failed-1.png
    ────────────────────────────────────────────────────────────────────────────────────────────────

    attachment #2: video (video/webm) ──────────────────────────────────────────────────────────────
    ..\screenshots\mobile-mobile-Mobile-Tests-25583--mobile-friendly-login-page-chromium\video.webm
    ────────────────────────────────────────────────────────────────────────────────────────────────

    Error Context: ..\screenshots\mobile-mobile-Mobile-Tests-25583--mobile-friendly-login-page-chromium\error-context.md

    attachment #4: trace (application/zip) ─────────────────────────────────────────────────────────
    ..\screenshots\mobile-mobile-Mobile-Tests-25583--mobile-friendly-login-page-chromium\trace.zip
    Usage:

        npx playwright show-trace ..\screenshots\mobile-mobile-Mobile-Tests-25583--mobile-friendly-login-page-chromium\trace.zip

    ────────────────────────────────────────────────────────────────────────────────────────────────
]]>
</failure>
<system-out>
<![CDATA[
[[ATTACHMENT|..\screenshots\mobile-mobile-Mobile-Tests-25583--mobile-friendly-login-page-chromium\test-failed-1.png]]

[[ATTACHMENT|..\screenshots\mobile-mobile-Mobile-Tests-25583--mobile-friendly-login-page-chromium\video.webm]]

[[ATTACHMENT|..\screenshots\mobile-mobile-Mobile-Tests-25583--mobile-friendly-login-page-chromium\error-context.md]]

[[ATTACHMENT|..\screenshots\mobile-mobile-Mobile-Tests-25583--mobile-friendly-login-page-chromium\trace.zip]]
]]>
</system-out>
</testcase>
<testcase name="Mobile Tests › should handle mobile navigation" classname="mobile\mobile.spec.js" time="16.797">
<failure message="mobile.spec.js:38:3 should handle mobile navigation" type="FAILURE">
<![CDATA[  [chromium] › mobile\mobile.spec.js:38:3 › Mobile Tests › should handle mobile navigation ─────────

    Error: locator.tap: The page does not support tap. Use hasTouch context option to enable touch support.

      47 |     const menuButton = page.locator(".bm-burger-button");
      48 |     if (await menuButton.isVisible()) {
    > 49 |       await menuButton.tap();
         |                        ^
      50 |
      51 |       // Check if menu items are visible
      52 |       await expect(page.locator(".bm-menu")).toBeVisible();
        at D:\AUTOMATION TOOLS PRACTICE\PLAYWRIGHT\PlaywrightPractice01\tests\mobile\mobile.spec.js:49:24

    attachment #1: screenshot (image/png) ──────────────────────────────────────────────────────────
    ..\screenshots\mobile-mobile-Mobile-Tests-should-handle-mobile-navigation-chromium\test-failed-1.png
    ────────────────────────────────────────────────────────────────────────────────────────────────

    attachment #2: video (video/webm) ──────────────────────────────────────────────────────────────
    ..\screenshots\mobile-mobile-Mobile-Tests-should-handle-mobile-navigation-chromium\video.webm
    ────────────────────────────────────────────────────────────────────────────────────────────────

    Error Context: ..\screenshots\mobile-mobile-Mobile-Tests-should-handle-mobile-navigation-chromium\error-context.md

    attachment #4: trace (application/zip) ─────────────────────────────────────────────────────────
    ..\screenshots\mobile-mobile-Mobile-Tests-should-handle-mobile-navigation-chromium\trace.zip
    Usage:

        npx playwright show-trace ..\screenshots\mobile-mobile-Mobile-Tests-should-handle-mobile-navigation-chromium\trace.zip

    ────────────────────────────────────────────────────────────────────────────────────────────────
]]>
</failure>
<system-out>
<![CDATA[
[[ATTACHMENT|..\screenshots\mobile-mobile-Mobile-Tests-should-handle-mobile-navigation-chromium\test-failed-1.png]]

[[ATTACHMENT|..\screenshots\mobile-mobile-Mobile-Tests-should-handle-mobile-navigation-chromium\video.webm]]

[[ATTACHMENT|..\screenshots\mobile-mobile-Mobile-Tests-should-handle-mobile-navigation-chromium\error-context.md]]

[[ATTACHMENT|..\screenshots\mobile-mobile-Mobile-Tests-should-handle-mobile-navigation-chromium\trace.zip]]
]]>
</system-out>
</testcase>
<testcase name="Mobile Tests › should display products in mobile layout" classname="mobile\mobile.spec.js" time="5.243">
<failure message="mobile.spec.js:63:3 should display products in mobile layout" type="FAILURE">
<![CDATA[  [chromium] › mobile\mobile.spec.js:63:3 › Mobile Tests › should display products in mobile layout 

    ReferenceError: viewport is not defined

      77 |     const boundingBox = await firstProduct.boundingBox();
      78 |
    > 79 |     expect(boundingBox.width).toBeLessThanOrEqual(viewport.width);
         |                                                   ^
      80 |     expect(boundingBox.width).toBeGreaterThan(0);
      81 |   });
      82 |
        at D:\AUTOMATION TOOLS PRACTICE\PLAYWRIGHT\PlaywrightPractice01\tests\mobile\mobile.spec.js:79:51

    attachment #1: screenshot (image/png) ──────────────────────────────────────────────────────────
    ..\screenshots\mobile-mobile-Mobile-Tests-44c11-y-products-in-mobile-layout-chromium\test-failed-1.png
    ────────────────────────────────────────────────────────────────────────────────────────────────

    attachment #2: video (video/webm) ──────────────────────────────────────────────────────────────
    ..\screenshots\mobile-mobile-Mobile-Tests-44c11-y-products-in-mobile-layout-chromium\video.webm
    ────────────────────────────────────────────────────────────────────────────────────────────────

    Error Context: ..\screenshots\mobile-mobile-Mobile-Tests-44c11-y-products-in-mobile-layout-chromium\error-context.md

    attachment #4: trace (application/zip) ─────────────────────────────────────────────────────────
    ..\screenshots\mobile-mobile-Mobile-Tests-44c11-y-products-in-mobile-layout-chromium\trace.zip
    Usage:

        npx playwright show-trace ..\screenshots\mobile-mobile-Mobile-Tests-44c11-y-products-in-mobile-layout-chromium\trace.zip

    ────────────────────────────────────────────────────────────────────────────────────────────────
]]>
</failure>
<system-out>
<![CDATA[
[[ATTACHMENT|..\screenshots\mobile-mobile-Mobile-Tests-44c11-y-products-in-mobile-layout-chromium\test-failed-1.png]]

[[ATTACHMENT|..\screenshots\mobile-mobile-Mobile-Tests-44c11-y-products-in-mobile-layout-chromium\video.webm]]

[[ATTACHMENT|..\screenshots\mobile-mobile-Mobile-Tests-44c11-y-products-in-mobile-layout-chromium\error-context.md]]

[[ATTACHMENT|..\screenshots\mobile-mobile-Mobile-Tests-44c11-y-products-in-mobile-layout-chromium\trace.zip]]
]]>
</system-out>
</testcase>
<testcase name="Mobile Tests › should handle mobile cart interactions" classname="mobile\mobile.spec.js" time="5.474">
<failure message="mobile.spec.js:83:3 should handle mobile cart interactions" type="FAILURE">
<![CDATA[  [chromium] › mobile\mobile.spec.js:83:3 › Mobile Tests › should handle mobile cart interactions ──

    Error: locator.tap: The page does not support tap. Use hasTouch context option to enable touch support.

      93 |       '[data-test="add-to-cart-sauce-labs-backpack"]'
      94 |     );
    > 95 |     await addToCartButton.tap();
         |                           ^
      96 |
      97 |     // Verify cart badge updates
      98 |     const cartBadge = page.locator(".shopping_cart_badge");
        at D:\AUTOMATION TOOLS PRACTICE\PLAYWRIGHT\PlaywrightPractice01\tests\mobile\mobile.spec.js:95:27

    attachment #1: screenshot (image/png) ──────────────────────────────────────────────────────────
    ..\screenshots\mobile-mobile-Mobile-Tests-0d6ee-le-mobile-cart-interactions-chromium\test-failed-1.png
    ────────────────────────────────────────────────────────────────────────────────────────────────

    attachment #2: video (video/webm) ──────────────────────────────────────────────────────────────
    ..\screenshots\mobile-mobile-Mobile-Tests-0d6ee-le-mobile-cart-interactions-chromium\video.webm
    ────────────────────────────────────────────────────────────────────────────────────────────────

    Error Context: ..\screenshots\mobile-mobile-Mobile-Tests-0d6ee-le-mobile-cart-interactions-chromium\error-context.md

    attachment #4: trace (application/zip) ─────────────────────────────────────────────────────────
    ..\screenshots\mobile-mobile-Mobile-Tests-0d6ee-le-mobile-cart-interactions-chromium\trace.zip
    Usage:

        npx playwright show-trace ..\screenshots\mobile-mobile-Mobile-Tests-0d6ee-le-mobile-cart-interactions-chromium\trace.zip

    ────────────────────────────────────────────────────────────────────────────────────────────────
]]>
</failure>
<system-out>
<![CDATA[
[[ATTACHMENT|..\screenshots\mobile-mobile-Mobile-Tests-0d6ee-le-mobile-cart-interactions-chromium\test-failed-1.png]]

[[ATTACHMENT|..\screenshots\mobile-mobile-Mobile-Tests-0d6ee-le-mobile-cart-interactions-chromium\video.webm]]

[[ATTACHMENT|..\screenshots\mobile-mobile-Mobile-Tests-0d6ee-le-mobile-cart-interactions-chromium\error-context.md]]

[[ATTACHMENT|..\screenshots\mobile-mobile-Mobile-Tests-0d6ee-le-mobile-cart-interactions-chromium\trace.zip]]
]]>
</system-out>
</testcase>
<testcase name="Mobile Tests › should handle mobile checkout flow" classname="mobile\mobile.spec.js" time="8.951">
<failure message="mobile.spec.js:117:3 should handle mobile checkout flow" type="FAILURE">
<![CDATA[  [chromium] › mobile\mobile.spec.js:117:3 › Mobile Tests › should handle mobile checkout flow ─────

    Error: locator.tap: The page does not support tap. Use hasTouch context option to enable touch support.

      123 |     await page.click('[data-test="login-button"]');
      124 |
    > 125 |     await page.locator('[data-test="add-to-cart-sauce-labs-backpack"]').tap();
          |                                                                         ^
      126 |     await page.locator(".shopping_cart_link").tap();
      127 |
      128 |     // Proceed to checkout
        at D:\AUTOMATION TOOLS PRACTICE\PLAYWRIGHT\PlaywrightPractice01\tests\mobile\mobile.spec.js:125:73

    attachment #1: screenshot (image/png) ──────────────────────────────────────────────────────────
    ..\screenshots\mobile-mobile-Mobile-Tests-cbdda-handle-mobile-checkout-flow-chromium\test-failed-1.png
    ────────────────────────────────────────────────────────────────────────────────────────────────

    attachment #2: video (video/webm) ──────────────────────────────────────────────────────────────
    ..\screenshots\mobile-mobile-Mobile-Tests-cbdda-handle-mobile-checkout-flow-chromium\video.webm
    ────────────────────────────────────────────────────────────────────────────────────────────────

    Error Context: ..\screenshots\mobile-mobile-Mobile-Tests-cbdda-handle-mobile-checkout-flow-chromium\error-context.md

    attachment #4: trace (application/zip) ─────────────────────────────────────────────────────────
    ..\screenshots\mobile-mobile-Mobile-Tests-cbdda-handle-mobile-checkout-flow-chromium\trace.zip
    Usage:

        npx playwright show-trace ..\screenshots\mobile-mobile-Mobile-Tests-cbdda-handle-mobile-checkout-flow-chromium\trace.zip

    ────────────────────────────────────────────────────────────────────────────────────────────────
]]>
</failure>
<system-out>
<![CDATA[
[[ATTACHMENT|..\screenshots\mobile-mobile-Mobile-Tests-cbdda-handle-mobile-checkout-flow-chromium\test-failed-1.png]]

[[ATTACHMENT|..\screenshots\mobile-mobile-Mobile-Tests-cbdda-handle-mobile-checkout-flow-chromium\video.webm]]

[[ATTACHMENT|..\screenshots\mobile-mobile-Mobile-Tests-cbdda-handle-mobile-checkout-flow-chromium\error-context.md]]

[[ATTACHMENT|..\screenshots\mobile-mobile-Mobile-Tests-cbdda-handle-mobile-checkout-flow-chromium\trace.zip]]
]]>
</system-out>
</testcase>
<testcase name="Mobile Tests › should handle mobile orientation changes" classname="mobile\mobile.spec.js" time="9.958">
</testcase>
</testsuite>
<testsuite name="mobile\mobile.spec.js" timestamp="2025-09-15T12:07:14.116Z" hostname="Google Chrome" tests="6" failures="5" skipped="0" time="100.997" errors="0">
<testcase name="Mobile Tests › should display mobile-friendly login page" classname="mobile\mobile.spec.js" time="8.708">
<failure message="mobile.spec.js:12:3 should display mobile-friendly login page" type="FAILURE">
<![CDATA[  [Google Chrome] › mobile\mobile.spec.js:12:3 › Mobile Tests › should display mobile-friendly login page 

    Error: expect(received).toBeLessThanOrEqual(expected)

    Expected: <= 768
    Received:    1280

      16 |     // Verify mobile viewport
      17 |     const viewport = page.viewportSize();
    > 18 |     expect(viewport.width).toBeLessThanOrEqual(768);
         |                            ^
      19 |
      20 |     // Check if login elements are visible and accessible
      21 |     await expect(loginPage.usernameInput).toBeVisible();
        at D:\AUTOMATION TOOLS PRACTICE\PLAYWRIGHT\PlaywrightPractice01\tests\mobile\mobile.spec.js:18:28

    attachment #1: screenshot (image/png) ──────────────────────────────────────────────────────────
    ..\screenshots\mobile-mobile-Mobile-Tests-25583--mobile-friendly-login-page-Google-Chrome\test-failed-1.png
    ────────────────────────────────────────────────────────────────────────────────────────────────

    attachment #2: video (video/webm) ──────────────────────────────────────────────────────────────
    ..\screenshots\mobile-mobile-Mobile-Tests-25583--mobile-friendly-login-page-Google-Chrome\video.webm
    ────────────────────────────────────────────────────────────────────────────────────────────────

    Error Context: ..\screenshots\mobile-mobile-Mobile-Tests-25583--mobile-friendly-login-page-Google-Chrome\error-context.md

    attachment #4: trace (application/zip) ─────────────────────────────────────────────────────────
    ..\screenshots\mobile-mobile-Mobile-Tests-25583--mobile-friendly-login-page-Google-Chrome\trace.zip
    Usage:

        npx playwright show-trace ..\screenshots\mobile-mobile-Mobile-Tests-25583--mobile-friendly-login-page-Google-Chrome\trace.zip

    ────────────────────────────────────────────────────────────────────────────────────────────────
]]>
</failure>
<system-out>
<![CDATA[
[[ATTACHMENT|..\screenshots\mobile-mobile-Mobile-Tests-25583--mobile-friendly-login-page-Google-Chrome\test-failed-1.png]]

[[ATTACHMENT|..\screenshots\mobile-mobile-Mobile-Tests-25583--mobile-friendly-login-page-Google-Chrome\video.webm]]

[[ATTACHMENT|..\screenshots\mobile-mobile-Mobile-Tests-25583--mobile-friendly-login-page-Google-Chrome\error-context.md]]

[[ATTACHMENT|..\screenshots\mobile-mobile-Mobile-Tests-25583--mobile-friendly-login-page-Google-Chrome\trace.zip]]
]]>
</system-out>
</testcase>
<testcase name="Mobile Tests › should handle mobile navigation" classname="mobile\mobile.spec.js" time="11.468">
<failure message="mobile.spec.js:38:3 should handle mobile navigation" type="FAILURE">
<![CDATA[  [Google Chrome] › mobile\mobile.spec.js:38:3 › Mobile Tests › should handle mobile navigation ────

    Error: locator.tap: The page does not support tap. Use hasTouch context option to enable touch support.

      47 |     const menuButton = page.locator(".bm-burger-button");
      48 |     if (await menuButton.isVisible()) {
    > 49 |       await menuButton.tap();
         |                        ^
      50 |
      51 |       // Check if menu items are visible
      52 |       await expect(page.locator(".bm-menu")).toBeVisible();
        at D:\AUTOMATION TOOLS PRACTICE\PLAYWRIGHT\PlaywrightPractice01\tests\mobile\mobile.spec.js:49:24

    attachment #1: screenshot (image/png) ──────────────────────────────────────────────────────────
    ..\screenshots\mobile-mobile-Mobile-Tests-should-handle-mobile-navigation-Google-Chrome\test-failed-1.png
    ────────────────────────────────────────────────────────────────────────────────────────────────

    attachment #2: video (video/webm) ──────────────────────────────────────────────────────────────
    ..\screenshots\mobile-mobile-Mobile-Tests-should-handle-mobile-navigation-Google-Chrome\video.webm
    ────────────────────────────────────────────────────────────────────────────────────────────────

    Error Context: ..\screenshots\mobile-mobile-Mobile-Tests-should-handle-mobile-navigation-Google-Chrome\error-context.md

    attachment #4: trace (application/zip) ─────────────────────────────────────────────────────────
    ..\screenshots\mobile-mobile-Mobile-Tests-should-handle-mobile-navigation-Google-Chrome\trace.zip
    Usage:

        npx playwright show-trace ..\screenshots\mobile-mobile-Mobile-Tests-should-handle-mobile-navigation-Google-Chrome\trace.zip

    ────────────────────────────────────────────────────────────────────────────────────────────────
]]>
</failure>
<system-out>
<![CDATA[
[[ATTACHMENT|..\screenshots\mobile-mobile-Mobile-Tests-should-handle-mobile-navigation-Google-Chrome\test-failed-1.png]]

[[ATTACHMENT|..\screenshots\mobile-mobile-Mobile-Tests-should-handle-mobile-navigation-Google-Chrome\video.webm]]

[[ATTACHMENT|..\screenshots\mobile-mobile-Mobile-Tests-should-handle-mobile-navigation-Google-Chrome\error-context.md]]

[[ATTACHMENT|..\screenshots\mobile-mobile-Mobile-Tests-should-handle-mobile-navigation-Google-Chrome\trace.zip]]
]]>
</system-out>
</testcase>
<testcase name="Mobile Tests › should display products in mobile layout" classname="mobile\mobile.spec.js" time="18.024">
<failure message="mobile.spec.js:63:3 should display products in mobile layout" type="FAILURE">
<![CDATA[  [Google Chrome] › mobile\mobile.spec.js:63:3 › Mobile Tests › should display products in mobile layout 

    ReferenceError: viewport is not defined

      77 |     const boundingBox = await firstProduct.boundingBox();
      78 |
    > 79 |     expect(boundingBox.width).toBeLessThanOrEqual(viewport.width);
         |                                                   ^
      80 |     expect(boundingBox.width).toBeGreaterThan(0);
      81 |   });
      82 |
        at D:\AUTOMATION TOOLS PRACTICE\PLAYWRIGHT\PlaywrightPractice01\tests\mobile\mobile.spec.js:79:51

    attachment #1: video (video/webm) ──────────────────────────────────────────────────────────────
    ..\screenshots\mobile-mobile-Mobile-Tests-44c11-y-products-in-mobile-layout-Google-Chrome\video.webm
    ────────────────────────────────────────────────────────────────────────────────────────────────

    Error Context: ..\screenshots\mobile-mobile-Mobile-Tests-44c11-y-products-in-mobile-layout-Google-Chrome\error-context.md

    attachment #3: trace (application/zip) ─────────────────────────────────────────────────────────
    ..\screenshots\mobile-mobile-Mobile-Tests-44c11-y-products-in-mobile-layout-Google-Chrome\trace.zip
    Usage:

        npx playwright show-trace ..\screenshots\mobile-mobile-Mobile-Tests-44c11-y-products-in-mobile-layout-Google-Chrome\trace.zip

    ────────────────────────────────────────────────────────────────────────────────────────────────
]]>
</failure>
<system-out>
<![CDATA[
[[ATTACHMENT|..\screenshots\mobile-mobile-Mobile-Tests-44c11-y-products-in-mobile-layout-Google-Chrome\video.webm]]

[[ATTACHMENT|..\screenshots\mobile-mobile-Mobile-Tests-44c11-y-products-in-mobile-layout-Google-Chrome\error-context.md]]

[[ATTACHMENT|..\screenshots\mobile-mobile-Mobile-Tests-44c11-y-products-in-mobile-layout-Google-Chrome\trace.zip]]
]]>
</system-out>
</testcase>
<testcase name="Mobile Tests › should handle mobile cart interactions" classname="mobile\mobile.spec.js" time="15.391">
<failure message="mobile.spec.js:83:3 should handle mobile cart interactions" type="FAILURE">
<![CDATA[  [Google Chrome] › mobile\mobile.spec.js:83:3 › Mobile Tests › should handle mobile cart interactions 

    Error: locator.tap: The page does not support tap. Use hasTouch context option to enable touch support.

      93 |       '[data-test="add-to-cart-sauce-labs-backpack"]'
      94 |     );
    > 95 |     await addToCartButton.tap();
         |                           ^
      96 |
      97 |     // Verify cart badge updates
      98 |     const cartBadge = page.locator(".shopping_cart_badge");
        at D:\AUTOMATION TOOLS PRACTICE\PLAYWRIGHT\PlaywrightPractice01\tests\mobile\mobile.spec.js:95:27

    attachment #1: video (video/webm) ──────────────────────────────────────────────────────────────
    ..\screenshots\mobile-mobile-Mobile-Tests-0d6ee-le-mobile-cart-interactions-Google-Chrome\video.webm
    ────────────────────────────────────────────────────────────────────────────────────────────────

    Error Context: ..\screenshots\mobile-mobile-Mobile-Tests-0d6ee-le-mobile-cart-interactions-Google-Chrome\error-context.md

    attachment #3: trace (application/zip) ─────────────────────────────────────────────────────────
    ..\screenshots\mobile-mobile-Mobile-Tests-0d6ee-le-mobile-cart-interactions-Google-Chrome\trace.zip
    Usage:

        npx playwright show-trace ..\screenshots\mobile-mobile-Mobile-Tests-0d6ee-le-mobile-cart-interactions-Google-Chrome\trace.zip

    ────────────────────────────────────────────────────────────────────────────────────────────────
]]>
</failure>
<system-out>
<![CDATA[
[[ATTACHMENT|..\screenshots\mobile-mobile-Mobile-Tests-0d6ee-le-mobile-cart-interactions-Google-Chrome\video.webm]]

[[ATTACHMENT|..\screenshots\mobile-mobile-Mobile-Tests-0d6ee-le-mobile-cart-interactions-Google-Chrome\error-context.md]]

[[ATTACHMENT|..\screenshots\mobile-mobile-Mobile-Tests-0d6ee-le-mobile-cart-interactions-Google-Chrome\trace.zip]]
]]>
</system-out>
</testcase>
<testcase name="Mobile Tests › should handle mobile checkout flow" classname="mobile\mobile.spec.js" time="24.355">
<failure message="mobile.spec.js:117:3 should handle mobile checkout flow" type="FAILURE">
<![CDATA[  [Google Chrome] › mobile\mobile.spec.js:117:3 › Mobile Tests › should handle mobile checkout flow 

    Error: locator.tap: The page does not support tap. Use hasTouch context option to enable touch support.

      123 |     await page.click('[data-test="login-button"]');
      124 |
    > 125 |     await page.locator('[data-test="add-to-cart-sauce-labs-backpack"]').tap();
          |                                                                         ^
      126 |     await page.locator(".shopping_cart_link").tap();
      127 |
      128 |     // Proceed to checkout
        at D:\AUTOMATION TOOLS PRACTICE\PLAYWRIGHT\PlaywrightPractice01\tests\mobile\mobile.spec.js:125:73

    attachment #1: video (video/webm) ──────────────────────────────────────────────────────────────
    ..\screenshots\mobile-mobile-Mobile-Tests-cbdda-handle-mobile-checkout-flow-Google-Chrome\video.webm
    ────────────────────────────────────────────────────────────────────────────────────────────────

    Error Context: ..\screenshots\mobile-mobile-Mobile-Tests-cbdda-handle-mobile-checkout-flow-Google-Chrome\error-context.md

    attachment #3: trace (application/zip) ─────────────────────────────────────────────────────────
    ..\screenshots\mobile-mobile-Mobile-Tests-cbdda-handle-mobile-checkout-flow-Google-Chrome\trace.zip
    Usage:

        npx playwright show-trace ..\screenshots\mobile-mobile-Mobile-Tests-cbdda-handle-mobile-checkout-flow-Google-Chrome\trace.zip

    ────────────────────────────────────────────────────────────────────────────────────────────────
]]>
</failure>
<system-out>
<![CDATA[
[[ATTACHMENT|..\screenshots\mobile-mobile-Mobile-Tests-cbdda-handle-mobile-checkout-flow-Google-Chrome\video.webm]]

[[ATTACHMENT|..\screenshots\mobile-mobile-Mobile-Tests-cbdda-handle-mobile-checkout-flow-Google-Chrome\error-context.md]]

[[ATTACHMENT|..\screenshots\mobile-mobile-Mobile-Tests-cbdda-handle-mobile-checkout-flow-Google-Chrome\trace.zip]]
]]>
</system-out>
</testcase>
<testcase name="Mobile Tests › should handle mobile orientation changes" classname="mobile\mobile.spec.js" time="23.051">
</testcase>
</testsuite>
</testsuites>